<?xml version="1.0" encoding="UTF-8"?>
<!-- Generated by org.testng.reporters.JUnitReportReporter -->
<testsuite hostname="UYOYO-OGHEN8571" failures="0" tests="1" name="TestNGTestCases.MonitorTestNG" time="23.966" errors="0" timestamp="2024-01-14T16:31:40 GMT" skipped="0">
  <testcase classname="TestNGTestCases.MonitorTestNG" name="f" time="23.966"/>
</testsuite> <!-- TestNGTestCases.MonitorTestNG -->
