<?xml version="1.0" encoding="UTF-8"?>
<!-- Generated by org.testng.reporters.JUnitReportReporter -->
<testsuite hostname="UYOYO-OGHEN8571" failures="0" tests="1" name="RunnerPackage.MonitorCucumberRunner" time="26.676" errors="0" timestamp="2024-01-15T10:24:29 GMT" skipped="0">
  <testcase classname="RunnerPackage.MonitorCucumberRunner" name="runScenario" time="26.676"/>
</testsuite> <!-- RunnerPackage.MonitorCucumberRunner -->
