<?xml version="1.0" encoding="UTF-8"?>
<!-- Generated by org.testng.reporters.JUnitReportReporter -->
<testsuite hostname="UYOYO-OGHEN8571" failures="0" tests="1" name="TestCases.NewTest" time="140.051" errors="0" timestamp="2024-01-13T23:28:04 GMT" skipped="0">
  <testcase classname="TestCases.NewTest" name="f" time="140.051"/>
</testsuite> <!-- TestCases.NewTest -->
