<?xml version="1.0" encoding="UTF-8"?>
<!-- Generated by org.testng.reporters.JUnitReportReporter -->
<testsuite hostname="UYOYO-OGHEN8571" failures="0" tests="1" name="TestNGTestCases.MonitorTestNG" time="20.559" errors="0" timestamp="2024-01-16T22:16:39 GMT" skipped="0">
  <testcase classname="TestNGTestCases.MonitorTestNG" name="MonitorTest" time="20.559"/>
</testsuite> <!-- TestNGTestCases.MonitorTestNG -->
