<?xml version="1.0" encoding="UTF-8"?>
<!-- Generated by org.testng.reporters.JUnitReportReporter -->
<testsuite hostname="UYOYO-OGHEN8571" failures="0" tests="1" name="RunnerPackage.MonitorCucumberRunner" time="25.465" errors="0" timestamp="2024-01-15T14:19:54 GMT" skipped="0">
  <testcase classname="RunnerPackage.MonitorCucumberRunner" name="runScenario" time="25.465"/>
</testsuite> <!-- RunnerPackage.MonitorCucumberRunner -->
