<?xml version="1.0" encoding="UTF-8"?>
<!-- Generated by org.testng.reporters.JUnitReportReporter -->
<testsuite hostname="UYOYO-OGHEN8571" failures="0" tests="1" name="TestNGTestCases.MonitorTestNG" time="18.969" errors="0" timestamp="2024-01-15T14:23:46 GMT" skipped="0">
  <testcase classname="TestNGTestCases.MonitorTestNG" name="f" time="18.969"/>
</testsuite> <!-- TestNGTestCases.MonitorTestNG -->
