<?xml version="1.0" encoding="UTF-8"?>
<!-- Generated by org.testng.reporters.JUnitReportReporter -->
<testsuite hostname="UYOYO-OGHEN8571" failures="0" tests="1" name="RunnerPackage.MonitorCucumberRunner" time="21.852" errors="0" timestamp="2024-01-16T22:18:55 GMT" skipped="0">
  <testcase classname="RunnerPackage.MonitorCucumberRunner" name="runScenario" time="21.852"/>
</testsuite> <!-- RunnerPackage.MonitorCucumberRunner -->
